[2023-12-08 17:29:24,459] multiqc                                            [DEBUG  ]  This is MultiQC v1.18
[2023-12-08 17:29:24,459] multiqc                                            [DEBUG  ]  Command used: /home/victor/miniconda3/envs/multiqc/bin/multiqc /media/victor/c1d5c312-b546-4d5e-b24f-72dbe9e6f18f/SRR_files/Velasco_et_al/clean_data_reports/Alignment /media/victor/c1d5c312-b546-4d5e-b24f-72dbe9e6f18f/SRR_files/Velasco_et_al/clean_data_reports/featurecounts /media/victor/c1d5c312-b546-4d5e-b24f-72dbe9e6f18f/SRR_files/Velasco_et_al/clean_data_reports/fastqc /media/victor/c1d5c312-b546-4d5e-b24f-72dbe9e6f18f/SRR_files/Velasco_et_al/clean_data_reports/trimmed_files
[2023-12-08 17:29:28,091] multiqc                                            [DEBUG  ]  Latest MultiQC version is v1.17
[2023-12-08 17:29:28,091] multiqc                                            [DEBUG  ]  Working dir : /media/victor/c1d5c312-b546-4d5e-b24f-72dbe9e6f18f/SRR_files/Velasco_et_al/clean_data_reports/multiqc
[2023-12-08 17:29:28,091] multiqc                                            [DEBUG  ]  Template    : default
[2023-12-08 17:29:28,091] multiqc                                            [DEBUG  ]  Running Python 3.11.6 | packaged by conda-forge | (main, Oct  3 2023, 10:40:35) [GCC 12.3.0]
[2023-12-08 17:29:28,092] multiqc                                            [DEBUG  ]  Analysing modules: custom_content, ccs, ngsderive, purple, conpair, lima, peddy, somalier, methylQA, mosdepth, phantompeakqualtools, qualimap, preseq, hifiasm, quast, qorts, rna_seqc, rockhopper, rsem, rseqc, busco, bustools, goleft_indexcov, gffcompare, disambiguate, supernova, deeptools, sargasso, verifybamid, mirtrace, happy, mirtop, sambamba, gopeaks, homer, hops, macs2, theta2, snpeff, gatk, htseq, bcftools, featureCounts, fgbio, dragen, dragen_fastqc, dedup, pbmarkdup, damageprofiler, mapdamage, biobambam2, jcvi, mtnucratio, picard, vep, bakta, prokka, qc3C, nanostat, samblaster, samtools, sexdeterrmine, seqera_cli, eigenstratdatabasetools, bamtools, jellyfish, vcftools, longranger, stacks, varscan2, snippy, umitools, truvari, bbmap, bismark, biscuit, diamond, hicexplorer, hicup, hicpro, salmon, kallisto, slamdunk, star, hisat2, tophat, bowtie2, bowtie1, cellranger, snpsplit, odgi, pangolin, nextclade, freyja, humid, kat, leehom, librarian, adapterRemoval, bbduk, clipandmerge, cutadapt, flexbar, sourmash, kaiju, bracken, kraken, malt, motus, trimmomatic, sickle, skewer, sortmerna, biobloomtools, fastq_screen, afterqc, fastp, fastqc, filtlong, prinseqplusplus, pychopper, porechop, pycoqc, minionqc, anglerfish, multivcfanalyzer, clusterflow, checkqc, bcl2fastq, bclconvert, interop, ivar, flash, seqyclean, optitype, whatshap, xenome, xengsort
[2023-12-08 17:29:28,092] multiqc                                            [DEBUG  ]  Using temporary directory for creating report: /tmp/tmpw74i7859
[2023-12-08 17:29:28,094] multiqc                                            [INFO   ]  Search path : /media/victor/c1d5c312-b546-4d5e-b24f-72dbe9e6f18f/SRR_files/Velasco_et_al/clean_data_reports/Alignment
[2023-12-08 17:29:28,094] multiqc                                            [INFO   ]  Search path : /media/victor/c1d5c312-b546-4d5e-b24f-72dbe9e6f18f/SRR_files/Velasco_et_al/clean_data_reports/featurecounts
[2023-12-08 17:29:28,094] multiqc                                            [INFO   ]  Search path : /media/victor/c1d5c312-b546-4d5e-b24f-72dbe9e6f18f/SRR_files/Velasco_et_al/clean_data_reports/fastqc
[2023-12-08 17:29:28,094] multiqc                                            [INFO   ]  Search path : /media/victor/c1d5c312-b546-4d5e-b24f-72dbe9e6f18f/SRR_files/Velasco_et_al/clean_data_reports/trimmed_files
[2023-12-08 17:29:33,488] multiqc                                            [DEBUG  ]  Summary of files that were skipped by the search: [skipped_module_specific_max_filesize: 1961] // [skipped_no_match: 1273] // [skipped_ignore_pattern: 72]
[2023-12-08 17:29:33,731] multiqc.plots.bargraph                             [DEBUG  ]  Using matplotlib version 3.8.2
[2023-12-08 17:29:33,731] multiqc.plots.linegraph                            [DEBUG  ]  Using matplotlib version 3.8.2
[2023-12-08 17:29:33,732] multiqc                                            [DEBUG  ]  No samples found: custom_content
[2023-12-08 17:29:36,584] multiqc                                            [DEBUG  ]  No samples found: htseq
[2023-12-08 17:29:36,588] multiqc.modules.featureCounts.feature_counts       [INFO   ]  Found 24 reports
[2023-12-08 17:29:36,598] multiqc.modules.star.star                          [INFO   ]  Found 24 reports
[2023-12-08 17:29:36,944] multiqc.modules.fastqc.fastqc                      [INFO   ]  Found 48 reports
[2023-12-08 17:29:37,033] multiqc.utils.software_versions                    [DEBUG  ]  Reading software versions from config.software_versions
[2023-12-08 17:29:37,067] multiqc                                            [DEBUG  ]  Compressing plot data
[2023-12-08 17:29:37,532] multiqc                                            [INFO   ]  Report      : multiqc_report.html
[2023-12-08 17:29:37,532] multiqc                                            [INFO   ]  Data        : multiqc_data
[2023-12-08 17:29:37,532] multiqc                                            [DEBUG  ]  Moving data file from '/tmp/tmpw74i7859/multiqc_data' to '/media/victor/c1d5c312-b546-4d5e-b24f-72dbe9e6f18f/SRR_files/Velasco_et_al/clean_data_reports/multiqc/multiqc_data'
[2023-12-08 17:29:37,536] multiqc                                            [DEBUG  ]  Full report path: /media/victor/c1d5c312-b546-4d5e-b24f-72dbe9e6f18f/SRR_files/Velasco_et_al/clean_data_reports/multiqc/multiqc_report.html
[2023-12-08 17:29:37,593] multiqc                                            [INFO   ]  MultiQC complete
